#
# A fatal error has been detected by the Java Runtime Environment:
#
#  Internal Error (javaClasses.cpp:129), pid=10578, tid=3060501312
#  fatal error: Invalid layout of preloaded class
#
# JRE version: 7.0_15-b20
# Java VM: OpenJDK Server VM (23.7-b01 mixed mode linux-x86 )
# Failed to write core dump. Core dumps have been disabled. To enable core dumping, try "ulimit -c unlimited" before starting Java again
#
# If you would like to submit a bug report, please include
# instructions on how to reproduce the bug and visit:
#   https://bugs.launchpad.net/ubuntu/+source/openjdk-7/
#

---------------  T H R E A D  ---------------

Current thread (0xb6507000):  JavaThread "Unknown thread" [_thread_in_vm, id=10585, stack(0xb6668000,0xb66b9000)]

Stack: [0xb6668000,0xb66b9000]
[error occurred during error reporting (printing stack bounds), id 0xb]


[error occurred during error reporting (printing native stack), id 0xb]


---------------  P R O C E S S  ---------------

Java Threads: ( => current thread )

Other Threads:

=>0xb6507000 (exited) JavaThread "Unknown thread" [_thread_in_vm, id=10585, stack(0xb6668000,0xb66b9000)]

VM state:not at safepoint (not fully initialized)

VM Mutex/Monitor currently owned by a thread: None

GC Heap History (0 events):
No events

Deoptimization events (0 events):
No events

Internal exceptions (0 events):
No events

Events (10 events):
Event: 0.012 loading class 0xb6531ec0 done
Event: 0.013 loading class 0xb6531800 done
Event: 0.013 loading class 0xb65317d8
Event: 0.013 loading class 0xb65655e8
Event: 0.013 loading class 0xb65655e8 done
Event: 0.013 loading class 0xb6565620
Event: 0.013 loading class 0xb6565620 done
Event: 0.013 loading class 0xb6565658
Event: 0.013 loading class 0xb6565658 done
Event: 0.013 loading class 0xb65317d8 done


Dynamic libraries:
08048000-08049000 r-xp 00000000 08:03 395421     /usr/lib/jvm/java-7-openjdk-i386/jre/bin/java
08049000-0804a000 r--p 00000000 08:03 395421     /usr/lib/jvm/java-7-openjdk-i386/jre/bin/java
0804a000-0804b000 rw-p 00001000 08:03 395421     /usr/lib/jvm/java-7-openjdk-i386/jre/bin/java
08d61000-08d82000 rw-p 00000000 00:00 0          [heap]
68add000-68b53000 r--s 00902000 08:03 2754259    /home/xxx/Development/adt-bundle-linux-x86/sdk/platforms/android-10/android.jar
68b53000-6ba00000 rw-p 00000000 00:00 0 
6ba00000-6ba21000 rw-p 00000000 00:00 0 
6ba21000-6bb00000 ---p 00000000 00:00 0 
6bc00000-6bc21000 rw-p 00000000 00:00 0 
6bc21000-6bd00000 ---p 00000000 00:00 0 
6bd43000-6bd44000 ---p 00000000 00:00 0 
6bd44000-6bdc4000 rw-p 00000000 00:00 0          [stack:10587]
6bdc4000-6bdc5000 ---p 00000000 00:00 0 
6bdc5000-6be4d000 rw-p 00000000 00:00 0          [stack:10586]
6be4d000-6be85000 rw-p 00000000 00:00 0 
6be85000-6be9b000 rw-p 00000000 00:00 0 
6be9b000-6bfd6000 rw-p 00000000 00:00 0 
6bfd6000-6bfde000 rw-p 00000000 00:00 0 
6bfde000-6c016000 rw-p 00000000 00:00 0 
6c016000-6c02c000 rw-p 00000000 00:00 0 
6c02c000-6c166000 rw-p 00000000 00:00 0 
6c166000-6c172000 rw-p 00000000 00:00 0 
6c172000-6c20f000 rw-p 00000000 00:00 0 
6c20f000-6d210000 rw-p 00000000 00:00 0 
6d210000-74210000 rw-p 00000000 00:00 0 
74210000-76c20000 rw-p 00000000 00:00 0 
76c20000-9e370000 rw-p 00000000 00:00 0 
9e370000-9f870000 rw-p 00000000 00:00 0 
9f870000-b3410000 rw-p 00000000 00:00 0 
b3419000-b3422000 rw-p 00000000 00:00 0 
b3422000-b34d9000 rw-p 00000000 00:00 0 
b34d9000-b3719000 rwxp 00000000 00:00 0 
b3719000-b64d9000 rw-p 00000000 00:00 0 
b64d9000-b64e4000 r-xp 00000000 08:03 2491125    /lib/i386-linux-gnu/libnss_files-2.15.so
b64e4000-b64e5000 r--p 0000a000 08:03 2491125    /lib/i386-linux-gnu/libnss_files-2.15.so
b64e5000-b64e6000 rw-p 0000b000 08:03 2491125    /lib/i386-linux-gnu/libnss_files-2.15.so
b64e6000-b64fc000 r-xp 00000000 08:03 2491119    /lib/i386-linux-gnu/libnsl-2.15.so
b64fc000-b64fd000 r--p 00015000 08:03 2491119    /lib/i386-linux-gnu/libnsl-2.15.so
b64fd000-b64fe000 rw-p 00016000 08:03 2491119    /lib/i386-linux-gnu/libnsl-2.15.so
b64fe000-b6500000 rw-p 00000000 00:00 0 
b6500000-b6570000 rw-p 00000000 00:00 0 
b6570000-b6600000 ---p 00000000 00:00 0 
b660c000-b6616000 r-xp 00000000 08:03 2491129    /lib/i386-linux-gnu/libnss_nis-2.15.so
b6616000-b6617000 r--p 00009000 08:03 2491129    /lib/i386-linux-gnu/libnss_nis-2.15.so
b6617000-b6618000 rw-p 0000a000 08:03 2491129    /lib/i386-linux-gnu/libnss_nis-2.15.so
b6618000-b661f000 r-xp 00000000 08:03 2491121    /lib/i386-linux-gnu/libnss_compat-2.15.so
b661f000-b6620000 r--p 00006000 08:03 2491121    /lib/i386-linux-gnu/libnss_compat-2.15.so
b6620000-b6621000 rw-p 00007000 08:03 2491121    /lib/i386-linux-gnu/libnss_compat-2.15.so
b6624000-b662c000 r-xp 00000000 08:03 395458     /usr/lib/jvm/java-7-openjdk-i386/jre/lib/i386/libzip.so
b662c000-b662d000 r--p 00007000 08:03 395458     /usr/lib/jvm/java-7-openjdk-i386/jre/lib/i386/libzip.so
b662d000-b662e000 rw-p 00008000 08:03 395458     /usr/lib/jvm/java-7-openjdk-i386/jre/lib/i386/libzip.so
b662e000-b6636000 rw-s 00000000 08:03 3285963    /tmp/hsperfdata_xxx/10578
b6636000-b665d000 r-xp 00000000 08:03 395435     /usr/lib/jvm/java-7-openjdk-i386/jre/lib/i386/libjava.so
b665d000-b665e000 r--p 00026000 08:03 395435     /usr/lib/jvm/java-7-openjdk-i386/jre/lib/i386/libjava.so
b665e000-b665f000 rw-p 00027000 08:03 395435     /usr/lib/jvm/java-7-openjdk-i386/jre/lib/i386/libjava.so
b665f000-b6666000 r-xp 00000000 08:03 2491164    /lib/i386-linux-gnu/librt-2.15.so
b6666000-b6667000 r--p 00006000 08:03 2491164    /lib/i386-linux-gnu/librt-2.15.so
b6667000-b6668000 rw-p 00007000 08:03 2491164    /lib/i386-linux-gnu/librt-2.15.so
b6668000-b666b000 ---p 00000000 00:00 0 
b666b000-b66b9000 rw-p 00000000 00:00 0          [stack:10585]
b66b9000-b66d5000 r-xp 00000000 08:03 2491085    /lib/i386-linux-gnu/libgcc_s.so.1
b66d5000-b66d6000 r--p 0001b000 08:03 2491085    /lib/i386-linux-gnu/libgcc_s.so.1
b66d6000-b66d7000 rw-p 0001c000 08:03 2491085    /lib/i386-linux-gnu/libgcc_s.so.1
b66d7000-b6701000 r-xp 00000000 08:03 2491102    /lib/i386-linux-gnu/libm-2.15.so
b6701000-b6702000 r--p 00029000 08:03 2491102    /lib/i386-linux-gnu/libm-2.15.so
b6702000-b6703000 rw-p 0002a000 08:03 2491102    /lib/i386-linux-gnu/libm-2.15.so
b6703000-b67df000 r-xp 00000000 08:03 269359     /usr/lib/i386-linux-gnu/libstdc++.so.6.0.17
b67df000-b67e0000 ---p 000dc000 08:03 269359     /usr/lib/i386-linux-gnu/libstdc++.so.6.0.17
b67e0000-b67e4000 r--p 000dc000 08:03 269359     /usr/lib/i386-linux-gnu/libstdc++.so.6.0.17
b67e4000-b67e5000 rw-p 000e0000 08:03 269359     /usr/lib/i386-linux-gnu/libstdc++.so.6.0.17
b67e5000-b67ec000 rw-p 00000000 00:00 0 
b67ec000-b70de000 r-xp 00000000 08:03 395483     /usr/lib/jvm/java-7-openjdk-i386/jre/lib/i386/server/libjvm.so
b70de000-b7125000 r--p 008f2000 08:03 395483     /usr/lib/jvm/java-7-openjdk-i386/jre/lib/i386/server/libjvm.so
b7125000-b7139000 rw-p 00939000 08:03 395483     /usr/lib/jvm/java-7-openjdk-i386/jre/lib/i386/server/libjvm.so
b7139000-b7557000 rw-p 00000000 00:00 0 
b7557000-b756e000 r-xp 00000000 08:03 2491194    /lib/i386-linux-gnu/libz.so.1.2.7
b756e000-b756f000 r--p 00016000 08:03 2491194    /lib/i386-linux-gnu/libz.so.1.2.7
b756f000-b7570000 rw-p 00017000 08:03 2491194    /lib/i386-linux-gnu/libz.so.1.2.7
b7570000-b7587000 r-xp 00000000 08:03 2491156    /lib/i386-linux-gnu/libpthread-2.15.so
b7587000-b7588000 r--p 00016000 08:03 2491156    /lib/i386-linux-gnu/libpthread-2.15.so
b7588000-b7589000 rw-p 00017000 08:03 2491156    /lib/i386-linux-gnu/libpthread-2.15.so
b7589000-b758b000 rw-p 00000000 00:00 0 
b758b000-b758e000 r-xp 00000000 08:03 2491075    /lib/i386-linux-gnu/libdl-2.15.so
b758e000-b758f000 r--p 00002000 08:03 2491075    /lib/i386-linux-gnu/libdl-2.15.so
b758f000-b7590000 rw-p 00003000 08:03 2491075    /lib/i386-linux-gnu/libdl-2.15.so
b7590000-b7733000 r-xp 00000000 08:03 2491060    /lib/i386-linux-gnu/libc-2.15.so
b7733000-b7734000 ---p 001a3000 08:03 2491060    /lib/i386-linux-gnu/libc-2.15.so
b7734000-b7736000 r--p 001a3000 08:03 2491060    /lib/i386-linux-gnu/libc-2.15.so
b7736000-b7737000 rw-p 001a5000 08:03 2491060    /lib/i386-linux-gnu/libc-2.15.so
b7737000-b773a000 rw-p 00000000 00:00 0 
b773d000-b773e000 rw-p 00000000 00:00 0 
b773e000-b773f000 r--p 00000000 00:00 0 
b773f000-b774c000 r-xp 00000000 08:03 395457     /usr/lib/jvm/java-7-openjdk-i386/jre/lib/i386/libverify.so
b774c000-b774d000 ---p 0000d000 08:03 395457     /usr/lib/jvm/java-7-openjdk-i386/jre/lib/i386/libverify.so
b774d000-b774e000 r--p 0000d000 08:03 395457     /usr/lib/jvm/java-7-openjdk-i386/jre/lib/i386/libverify.so
b774e000-b774f000 rw-p 0000e000 08:03 395457     /usr/lib/jvm/java-7-openjdk-i386/jre/lib/i386/libverify.so
b774f000-b775c000 r-xp 00000000 08:03 395438     /usr/lib/jvm/java-7-openjdk-i386/jre/lib/i386/jli/libjli.so
b775c000-b775d000 r--p 0000c000 08:03 395438     /usr/lib/jvm/java-7-openjdk-i386/jre/lib/i386/jli/libjli.so
b775d000-b775e000 rw-p 0000d000 08:03 395438     /usr/lib/jvm/java-7-openjdk-i386/jre/lib/i386/jli/libjli.so
b775e000-b7761000 rw-p 00000000 00:00 0 
b7761000-b7762000 r-xp 00000000 00:00 0          [vdso]
b7762000-b7782000 r-xp 00000000 08:03 2491038    /lib/i386-linux-gnu/ld-2.15.so
b7782000-b7783000 r--p 0001f000 08:03 2491038    /lib/i386-linux-gnu/ld-2.15.so
b7783000-b7784000 rw-p 00020000 08:03 2491038    /lib/i386-linux-gnu/ld-2.15.so
bfa74000-bfa95000 rw-p 00000000 00:00 0          [stack]

VM Arguments:
jvm_args: -Dfile.encoding=ISO-8859-1 -Xbootclasspath:/home/xxx/Development/adt-bundle-linux-x86/sdk/platforms/android-10/android.jar 
java_command: org.eclipse.jdt.internal.junit.runner.RemoteTestRunner -version 3 -port 45445 -testLoaderClass org.eclipse.jdt.internal.junit4.runner.JUnit4TestLoader -loaderpluginname org.eclipse.jdt.junit4.runtime -classNames com.jnk.customdownloadmanager.DownLoadManagerTestUnit
Launcher Type: SUN_STANDARD

Environment Variables:
PATH=/usr/local/sbin:/usr/local/bin:/usr/sbin:/usr/bin:/sbin:/bin:/usr/games:/usr/local/games
USERNAME=xxx
LD_LIBRARY_PATH=/usr/lib/jvm/java-7-openjdk-i386/jre/lib/i386/server:/usr/lib/jvm/java-7-openjdk-i386/jre/lib/i386:/usr/lib/jvm/java-7-openjdk-i386/jre/../lib/i386:/usr/lib/jvm/java-7-openjdk-i386/jre/lib/i386/client:/usr/lib/jvm/java-7-openjdk-i386/jre/lib/i386:
SHELL=/bin/bash
DISPLAY=:0.0

Signal Handlers:
SIGSEGV: [libjvm.so+0x756fb0], sa_mask[0]=0x7ffbfeff, sa_flags=0x10000004
SIGBUS: [libjvm.so+0x756fb0], sa_mask[0]=0x7ffbfeff, sa_flags=0x10000004
SIGFPE: [libjvm.so+0x5f3d00], sa_mask[0]=0x7ffbfeff, sa_flags=0x10000004
SIGPIPE: [libjvm.so+0x5f3d00], sa_mask[0]=0x7ffbfeff, sa_flags=0x10000004
SIGXFSZ: [libjvm.so+0x5f3d00], sa_mask[0]=0x7ffbfeff, sa_flags=0x10000004
SIGILL: [libjvm.so+0x5f3d00], sa_mask[0]=0x7ffbfeff, sa_flags=0x10000004
SIGUSR1: SIG_DFL, sa_mask[0]=0x00000000, sa_flags=0x00000000
SIGUSR2: [libjvm.so+0x5f3bb0], sa_mask[0]=0x00000004, sa_flags=0x10000004
SIGHUP: SIG_DFL, sa_mask[0]=0x00000000, sa_flags=0x00000000
SIGINT: SIG_DFL, sa_mask[0]=0x00000000, sa_flags=0x00000000
SIGTERM: SIG_DFL, sa_mask[0]=0x00000000, sa_flags=0x00000000
SIGQUIT: SIG_DFL, sa_mask[0]=0x00000000, sa_flags=0x00000000


---------------  S Y S T E M  ---------------

OS:LinuxMint 14 (nadia)
uname:Linux 3.5.0-17-generic #28-Ubuntu SMP Tue Oct 9 19:32:08 UTC 2012 i686
libc:glibc 2.15 NPTL 2.15 
rlimit: STACK 8192k, CORE 0k, NPROC 32154, NOFILE 4096, AS infinity
load average:0.42 0.31 0.30

/proc/meminfo:
MemTotal:        4131228 kB
MemFree:         1236312 kB
Buffers:          207188 kB
Cached:          1299224 kB
SwapCached:            0 kB
Active:          1881512 kB
Inactive:         821972 kB
Active(anon):    1198076 kB
Inactive(anon):     4252 kB
Active(file):     683436 kB
Inactive(file):   817720 kB
Unevictable:           0 kB
Mlocked:               0 kB
HighTotal:       3280456 kB
HighFree:         755196 kB
LowTotal:         850772 kB
LowFree:          481116 kB
SwapTotal:       3001340 kB
SwapFree:        3001340 kB
Dirty:               100 kB
Writeback:             0 kB
AnonPages:       1197196 kB
Mapped:           214696 kB
Shmem:              5260 kB
Slab:             139936 kB
SReclaimable:     121332 kB
SUnreclaim:        18604 kB
KernelStack:        3920 kB
PageTables:        12364 kB
NFS_Unstable:          0 kB
Bounce:                0 kB
WritebackTmp:          0 kB
CommitLimit:     5066952 kB
Committed_AS:    3833464 kB
VmallocTotal:     122880 kB
VmallocUsed:       52540 kB
VmallocChunk:      34884 kB
HardwareCorrupted:     0 kB
AnonHugePages:         0 kB
HugePages_Total:       0
HugePages_Free:        0
HugePages_Rsvd:        0
HugePages_Surp:        0
Hugepagesize:       2048 kB
DirectMap4k:        8184 kB
DirectMap2M:      905216 kB


CPU:total 2 (2 cores per cpu, 1 threads per core) family 6 model 23 stepping 6, cmov, cx8, fxsr, mmx, sse, sse2, sse3, ssse3, sse4.1, tsc

/proc/cpuinfo:
processor	: 0
vendor_id	: GenuineIntel
cpu family	: 6
model		: 23
model name	: Intel(R) Core(TM)2 Duo CPU     P8400  @ 2.26GHz
stepping	: 6
microcode	: 0x60c
cpu MHz		: 2257.000
cache size	: 3072 KB
physical id	: 0
siblings	: 2
core id		: 0
cpu cores	: 2
apicid		: 0
initial apicid	: 0
fdiv_bug	: no
hlt_bug		: no
f00f_bug	: no
coma_bug	: no
fpu		: yes
fpu_exception	: yes
cpuid level	: 10
wp		: yes
flags		: fpu vme de pse tsc msr pae mce cx8 apic sep mtrr pge mca cmov pat pse36 clflush dts acpi mmx fxsr sse sse2 ss ht tm pbe nx lm constant_tsc arch_perfmon pebs bts aperfmperf pni dtes64 monitor ds_cpl vmx smx est tm2 ssse3 cx16 xtpr pdcm sse4_1 lahf_lm dtherm tpr_shadow vnmi flexpriority
bogomips	: 4522.20
clflush size	: 64
cache_alignment	: 64
address sizes	: 36 bits physical, 48 bits virtual
power management:

processor	: 1
vendor_id	: GenuineIntel
cpu family	: 6
model		: 23
model name	: Intel(R) Core(TM)2 Duo CPU     P8400  @ 2.26GHz
stepping	: 6
microcode	: 0x60c
cpu MHz		: 2257.000
cache size	: 3072 KB
physical id	: 0
siblings	: 2
core id		: 1
cpu cores	: 2
apicid		: 1
initial apicid	: 1
fdiv_bug	: no
hlt_bug		: no
f00f_bug	: no
coma_bug	: no
fpu		: yes
fpu_exception	: yes
cpuid level	: 10
wp		: yes
flags		: fpu vme de pse tsc msr pae mce cx8 apic sep mtrr pge mca cmov pat pse36 clflush dts acpi mmx fxsr sse sse2 ss ht tm pbe nx lm constant_tsc arch_perfmon pebs bts aperfmperf pni dtes64 monitor ds_cpl vmx smx est tm2 ssse3 cx16 xtpr pdcm sse4_1 lahf_lm dtherm tpr_shadow vnmi flexpriority
bogomips	: 4522.20
clflush size	: 64
cache_alignment	: 64
address sizes	: 36 bits physical, 48 bits virtual
power management:



Memory: 4k page, physical 4131228k(1236312k free), swap 3001340k(3001340k free)

vm_info: OpenJDK Server VM (23.7-b01) for linux-x86 JRE (1.7.0_15-b20), built on Feb 21 2013 00:59:35 by "buildd" with gcc 4.7.2

time: Thu Feb 28 11:35:32 2013
elapsed time: 0 seconds

