#
# A fatal error has been detected by the Java Runtime Environment:
#
#  Internal Error (javaClasses.cpp:129), pid=10514, tid=3060779840
#  fatal error: Invalid layout of preloaded class
#
# JRE version: 7.0_15-b20
# Java VM: OpenJDK Server VM (23.7-b01 mixed mode linux-x86 )
# Failed to write core dump. Core dumps have been disabled. To enable core dumping, try "ulimit -c unlimited" before starting Java again
#
# If you would like to submit a bug report, please include
# instructions on how to reproduce the bug and visit:
#   https://bugs.launchpad.net/ubuntu/+source/openjdk-7/
#

---------------  T H R E A D  ---------------

Current thread (0xb6507000):  JavaThread "Unknown thread" [_thread_in_vm, id=10521, stack(0xb66ac000,0xb66fd000)]

Stack: [0xb66ac000,0xb66fd000]
[error occurred during error reporting (printing stack bounds), id 0xb]


[error occurred during error reporting (printing native stack), id 0xb]


---------------  P R O C E S S  ---------------

Java Threads: ( => current thread )

Other Threads:

=>0xb6507000 (exited) JavaThread "Unknown thread" [_thread_in_vm, id=10521, stack(0xb66ac000,0xb66fd000)]

VM state:not at safepoint (not fully initialized)

VM Mutex/Monitor currently owned by a thread: None

GC Heap History (0 events):
No events

Deoptimization events (0 events):
No events

Internal exceptions (0 events):
No events

Events (10 events):
Event: 0.007 loading class 0xb6531ec0 done
Event: 0.007 loading class 0xb6531800 done
Event: 0.007 loading class 0xb65317d8
Event: 0.007 loading class 0xb65655e8
Event: 0.007 loading class 0xb65655e8 done
Event: 0.007 loading class 0xb6565620
Event: 0.007 loading class 0xb6565620 done
Event: 0.007 loading class 0xb6565658
Event: 0.007 loading class 0xb6565658 done
Event: 0.008 loading class 0xb65317d8 done


Dynamic libraries:
08048000-08049000 r-xp 00000000 08:03 395421     /usr/lib/jvm/java-7-openjdk-i386/jre/bin/java
08049000-0804a000 r--p 00000000 08:03 395421     /usr/lib/jvm/java-7-openjdk-i386/jre/bin/java
0804a000-0804b000 rw-p 00001000 08:03 395421     /usr/lib/jvm/java-7-openjdk-i386/jre/bin/java
0833b000-0835c000 rw-p 00000000 00:00 0          [heap]
68add000-68b53000 r--s 00902000 08:03 2754259    /home/xxx/Development/adt-bundle-linux-x86/sdk/platforms/android-10/android.jar
68b53000-6ba00000 rw-p 00000000 00:00 0 
6ba00000-6ba21000 rw-p 00000000 00:00 0 
6ba21000-6bb00000 ---p 00000000 00:00 0 
6bc00000-6bc21000 rw-p 00000000 00:00 0 
6bc21000-6bd00000 ---p 00000000 00:00 0 
6bd73000-6bd74000 ---p 00000000 00:00 0 
6bd74000-6bdf4000 rw-p 00000000 00:00 0          [stack:10523]
6bdf4000-6bdf5000 ---p 00000000 00:00 0 
6bdf5000-6be7d000 rw-p 00000000 00:00 0          [stack:10522]
6be7d000-6beb5000 rw-p 00000000 00:00 0 
6beb5000-6becb000 rw-p 00000000 00:00 0 
6becb000-6c006000 rw-p 00000000 00:00 0 
6c006000-6c00e000 rw-p 00000000 00:00 0 
6c00e000-6c046000 rw-p 00000000 00:00 0 
6c046000-6c05c000 rw-p 00000000 00:00 0 
6c05c000-6c196000 rw-p 00000000 00:00 0 
6c196000-6c1a2000 rw-p 00000000 00:00 0 
6c1a2000-6c23f000 rw-p 00000000 00:00 0 
6c23f000-6d240000 rw-p 00000000 00:00 0 
6d240000-74240000 rw-p 00000000 00:00 0 
74240000-76c50000 rw-p 00000000 00:00 0 
76c50000-9e3a0000 rw-p 00000000 00:00 0 
9e3a0000-9f8a0000 rw-p 00000000 00:00 0 
9f8a0000-b3440000 rw-p 00000000 00:00 0 
b3440000-b3449000 rw-p 00000000 00:00 0 
b3449000-b3500000 rw-p 00000000 00:00 0 
b3500000-b3740000 rwxp 00000000 00:00 0 
b3740000-b6570000 rw-p 00000000 00:00 0 
b6570000-b6600000 ---p 00000000 00:00 0 
b6629000-b6634000 r-xp 00000000 08:03 2491125    /lib/i386-linux-gnu/libnss_files-2.15.so
b6634000-b6635000 r--p 0000a000 08:03 2491125    /lib/i386-linux-gnu/libnss_files-2.15.so
b6635000-b6636000 rw-p 0000b000 08:03 2491125    /lib/i386-linux-gnu/libnss_files-2.15.so
b6636000-b6640000 r-xp 00000000 08:03 2491129    /lib/i386-linux-gnu/libnss_nis-2.15.so
b6640000-b6641000 r--p 00009000 08:03 2491129    /lib/i386-linux-gnu/libnss_nis-2.15.so
b6641000-b6642000 rw-p 0000a000 08:03 2491129    /lib/i386-linux-gnu/libnss_nis-2.15.so
b6642000-b6658000 r-xp 00000000 08:03 2491119    /lib/i386-linux-gnu/libnsl-2.15.so
b6658000-b6659000 r--p 00015000 08:03 2491119    /lib/i386-linux-gnu/libnsl-2.15.so
b6659000-b665a000 rw-p 00016000 08:03 2491119    /lib/i386-linux-gnu/libnsl-2.15.so
b665a000-b665c000 rw-p 00000000 00:00 0 
b665c000-b6663000 r-xp 00000000 08:03 2491121    /lib/i386-linux-gnu/libnss_compat-2.15.so
b6663000-b6664000 r--p 00006000 08:03 2491121    /lib/i386-linux-gnu/libnss_compat-2.15.so
b6664000-b6665000 rw-p 00007000 08:03 2491121    /lib/i386-linux-gnu/libnss_compat-2.15.so
b6668000-b6670000 r-xp 00000000 08:03 395458     /usr/lib/jvm/java-7-openjdk-i386/jre/lib/i386/libzip.so
b6670000-b6671000 r--p 00007000 08:03 395458     /usr/lib/jvm/java-7-openjdk-i386/jre/lib/i386/libzip.so
b6671000-b6672000 rw-p 00008000 08:03 395458     /usr/lib/jvm/java-7-openjdk-i386/jre/lib/i386/libzip.so
b6672000-b667a000 rw-s 00000000 08:03 3285963    /tmp/hsperfdata_xxx/10514
b667a000-b66a1000 r-xp 00000000 08:03 395435     /usr/lib/jvm/java-7-openjdk-i386/jre/lib/i386/libjava.so
b66a1000-b66a2000 r--p 00026000 08:03 395435     /usr/lib/jvm/java-7-openjdk-i386/jre/lib/i386/libjava.so
b66a2000-b66a3000 rw-p 00027000 08:03 395435     /usr/lib/jvm/java-7-openjdk-i386/jre/lib/i386/libjava.so
b66a3000-b66aa000 r-xp 00000000 08:03 2491164    /lib/i386-linux-gnu/librt-2.15.so
b66aa000-b66ab000 r--p 00006000 08:03 2491164    /lib/i386-linux-gnu/librt-2.15.so
b66ab000-b66ac000 rw-p 00007000 08:03 2491164    /lib/i386-linux-gnu/librt-2.15.so
b66ac000-b66af000 ---p 00000000 00:00 0 
b66af000-b66fd000 rw-p 00000000 00:00 0          [stack:10521]
b66fd000-b6719000 r-xp 00000000 08:03 2491085    /lib/i386-linux-gnu/libgcc_s.so.1
b6719000-b671a000 r--p 0001b000 08:03 2491085    /lib/i386-linux-gnu/libgcc_s.so.1
b671a000-b671b000 rw-p 0001c000 08:03 2491085    /lib/i386-linux-gnu/libgcc_s.so.1
b671b000-b6745000 r-xp 00000000 08:03 2491102    /lib/i386-linux-gnu/libm-2.15.so
b6745000-b6746000 r--p 00029000 08:03 2491102    /lib/i386-linux-gnu/libm-2.15.so
b6746000-b6747000 rw-p 0002a000 08:03 2491102    /lib/i386-linux-gnu/libm-2.15.so
b6747000-b6823000 r-xp 00000000 08:03 269359     /usr/lib/i386-linux-gnu/libstdc++.so.6.0.17
b6823000-b6824000 ---p 000dc000 08:03 269359     /usr/lib/i386-linux-gnu/libstdc++.so.6.0.17
b6824000-b6828000 r--p 000dc000 08:03 269359     /usr/lib/i386-linux-gnu/libstdc++.so.6.0.17
b6828000-b6829000 rw-p 000e0000 08:03 269359     /usr/lib/i386-linux-gnu/libstdc++.so.6.0.17
b6829000-b6830000 rw-p 00000000 00:00 0 
b6830000-b7122000 r-xp 00000000 08:03 395483     /usr/lib/jvm/java-7-openjdk-i386/jre/lib/i386/server/libjvm.so
b7122000-b7169000 r--p 008f2000 08:03 395483     /usr/lib/jvm/java-7-openjdk-i386/jre/lib/i386/server/libjvm.so
b7169000-b717d000 rw-p 00939000 08:03 395483     /usr/lib/jvm/java-7-openjdk-i386/jre/lib/i386/server/libjvm.so
b717d000-b759b000 rw-p 00000000 00:00 0 
b759b000-b75b2000 r-xp 00000000 08:03 2491194    /lib/i386-linux-gnu/libz.so.1.2.7
b75b2000-b75b3000 r--p 00016000 08:03 2491194    /lib/i386-linux-gnu/libz.so.1.2.7
b75b3000-b75b4000 rw-p 00017000 08:03 2491194    /lib/i386-linux-gnu/libz.so.1.2.7
b75b4000-b75cb000 r-xp 00000000 08:03 2491156    /lib/i386-linux-gnu/libpthread-2.15.so
b75cb000-b75cc000 r--p 00016000 08:03 2491156    /lib/i386-linux-gnu/libpthread-2.15.so
b75cc000-b75cd000 rw-p 00017000 08:03 2491156    /lib/i386-linux-gnu/libpthread-2.15.so
b75cd000-b75cf000 rw-p 00000000 00:00 0 
b75cf000-b75d2000 r-xp 00000000 08:03 2491075    /lib/i386-linux-gnu/libdl-2.15.so
b75d2000-b75d3000 r--p 00002000 08:03 2491075    /lib/i386-linux-gnu/libdl-2.15.so
b75d3000-b75d4000 rw-p 00003000 08:03 2491075    /lib/i386-linux-gnu/libdl-2.15.so
b75d4000-b7777000 r-xp 00000000 08:03 2491060    /lib/i386-linux-gnu/libc-2.15.so
b7777000-b7778000 ---p 001a3000 08:03 2491060    /lib/i386-linux-gnu/libc-2.15.so
b7778000-b777a000 r--p 001a3000 08:03 2491060    /lib/i386-linux-gnu/libc-2.15.so
b777a000-b777b000 rw-p 001a5000 08:03 2491060    /lib/i386-linux-gnu/libc-2.15.so
b777b000-b777e000 rw-p 00000000 00:00 0 
b7781000-b7782000 rw-p 00000000 00:00 0 
b7782000-b7783000 r--p 00000000 00:00 0 
b7783000-b7790000 r-xp 00000000 08:03 395457     /usr/lib/jvm/java-7-openjdk-i386/jre/lib/i386/libverify.so
b7790000-b7791000 ---p 0000d000 08:03 395457     /usr/lib/jvm/java-7-openjdk-i386/jre/lib/i386/libverify.so
b7791000-b7792000 r--p 0000d000 08:03 395457     /usr/lib/jvm/java-7-openjdk-i386/jre/lib/i386/libverify.so
b7792000-b7793000 rw-p 0000e000 08:03 395457     /usr/lib/jvm/java-7-openjdk-i386/jre/lib/i386/libverify.so
b7793000-b77a0000 r-xp 00000000 08:03 395438     /usr/lib/jvm/java-7-openjdk-i386/jre/lib/i386/jli/libjli.so
b77a0000-b77a1000 r--p 0000c000 08:03 395438     /usr/lib/jvm/java-7-openjdk-i386/jre/lib/i386/jli/libjli.so
b77a1000-b77a2000 rw-p 0000d000 08:03 395438     /usr/lib/jvm/java-7-openjdk-i386/jre/lib/i386/jli/libjli.so
b77a2000-b77a5000 rw-p 00000000 00:00 0 
b77a5000-b77a6000 r-xp 00000000 00:00 0          [vdso]
b77a6000-b77c6000 r-xp 00000000 08:03 2491038    /lib/i386-linux-gnu/ld-2.15.so
b77c6000-b77c7000 r--p 0001f000 08:03 2491038    /lib/i386-linux-gnu/ld-2.15.so
b77c7000-b77c8000 rw-p 00020000 08:03 2491038    /lib/i386-linux-gnu/ld-2.15.so
bfab5000-bfad6000 rw-p 00000000 00:00 0          [stack]

VM Arguments:
jvm_args: -Dfile.encoding=ISO-8859-1 -Xbootclasspath:/home/xxx/Development/adt-bundle-linux-x86/sdk/platforms/android-10/android.jar 
java_command: org.eclipse.jdt.internal.junit.runner.RemoteTestRunner -version 3 -port 56987 -testLoaderClass org.eclipse.jdt.internal.junit4.runner.JUnit4TestLoader -loaderpluginname org.eclipse.jdt.junit4.runtime -classNames com.jnk.customdownloadmanager.DownLoadManagerTestUnit
Launcher Type: SUN_STANDARD

Environment Variables:
PATH=/usr/local/sbin:/usr/local/bin:/usr/sbin:/usr/bin:/sbin:/bin:/usr/games:/usr/local/games
USERNAME=xxx
LD_LIBRARY_PATH=/usr/lib/jvm/java-7-openjdk-i386/jre/lib/i386/server:/usr/lib/jvm/java-7-openjdk-i386/jre/lib/i386:/usr/lib/jvm/java-7-openjdk-i386/jre/../lib/i386:/usr/lib/jvm/java-7-openjdk-i386/jre/lib/i386/client:/usr/lib/jvm/java-7-openjdk-i386/jre/lib/i386:
SHELL=/bin/bash
DISPLAY=:0.0

Signal Handlers:
SIGSEGV: [libjvm.so+0x756fb0], sa_mask[0]=0x7ffbfeff, sa_flags=0x10000004
SIGBUS: [libjvm.so+0x756fb0], sa_mask[0]=0x7ffbfeff, sa_flags=0x10000004
SIGFPE: [libjvm.so+0x5f3d00], sa_mask[0]=0x7ffbfeff, sa_flags=0x10000004
SIGPIPE: [libjvm.so+0x5f3d00], sa_mask[0]=0x7ffbfeff, sa_flags=0x10000004
SIGXFSZ: [libjvm.so+0x5f3d00], sa_mask[0]=0x7ffbfeff, sa_flags=0x10000004
SIGILL: [libjvm.so+0x5f3d00], sa_mask[0]=0x7ffbfeff, sa_flags=0x10000004
SIGUSR1: SIG_DFL, sa_mask[0]=0x00000000, sa_flags=0x00000000
SIGUSR2: [libjvm.so+0x5f3bb0], sa_mask[0]=0x00000004, sa_flags=0x10000004
SIGHUP: SIG_DFL, sa_mask[0]=0x00000000, sa_flags=0x00000000
SIGINT: SIG_DFL, sa_mask[0]=0x00000000, sa_flags=0x00000000
SIGTERM: SIG_DFL, sa_mask[0]=0x00000000, sa_flags=0x00000000
SIGQUIT: SIG_DFL, sa_mask[0]=0x00000000, sa_flags=0x00000000


---------------  S Y S T E M  ---------------

OS:LinuxMint 14 (nadia)
uname:Linux 3.5.0-17-generic #28-Ubuntu SMP Tue Oct 9 19:32:08 UTC 2012 i686
libc:glibc 2.15 NPTL 2.15 
rlimit: STACK 8192k, CORE 0k, NPROC 32154, NOFILE 4096, AS infinity
load average:0.32 0.30 0.29

/proc/meminfo:
MemTotal:        4131228 kB
MemFree:         1254932 kB
Buffers:          206920 kB
Cached:          1296272 kB
SwapCached:            0 kB
Active:          1862192 kB
Inactive:         823028 kB
Active(anon):    1183032 kB
Inactive(anon):     4252 kB
Active(file):     679160 kB
Inactive(file):   818776 kB
Unevictable:           0 kB
Mlocked:               0 kB
HighTotal:       3280456 kB
HighFree:         773052 kB
LowTotal:         850772 kB
LowFree:          481880 kB
SwapTotal:       3001340 kB
SwapFree:        3001340 kB
Dirty:                44 kB
Writeback:             0 kB
AnonPages:       1182052 kB
Mapped:           212916 kB
Shmem:              5260 kB
Slab:             139864 kB
SReclaimable:     121344 kB
SUnreclaim:        18520 kB
KernelStack:        3896 kB
PageTables:        12044 kB
NFS_Unstable:          0 kB
Bounce:                0 kB
WritebackTmp:          0 kB
CommitLimit:     5066952 kB
Committed_AS:    3787756 kB
VmallocTotal:     122880 kB
VmallocUsed:       52520 kB
VmallocChunk:      58720 kB
HardwareCorrupted:     0 kB
AnonHugePages:         0 kB
HugePages_Total:       0
HugePages_Free:        0
HugePages_Rsvd:        0
HugePages_Surp:        0
Hugepagesize:       2048 kB
DirectMap4k:        8184 kB
DirectMap2M:      905216 kB


CPU:total 2 (2 cores per cpu, 1 threads per core) family 6 model 23 stepping 6, cmov, cx8, fxsr, mmx, sse, sse2, sse3, ssse3, sse4.1, tsc

/proc/cpuinfo:
processor	: 0
vendor_id	: GenuineIntel
cpu family	: 6
model		: 23
model name	: Intel(R) Core(TM)2 Duo CPU     P8400  @ 2.26GHz
stepping	: 6
microcode	: 0x60c
cpu MHz		: 2257.000
cache size	: 3072 KB
physical id	: 0
siblings	: 2
core id		: 0
cpu cores	: 2
apicid		: 0
initial apicid	: 0
fdiv_bug	: no
hlt_bug		: no
f00f_bug	: no
coma_bug	: no
fpu		: yes
fpu_exception	: yes
cpuid level	: 10
wp		: yes
flags		: fpu vme de pse tsc msr pae mce cx8 apic sep mtrr pge mca cmov pat pse36 clflush dts acpi mmx fxsr sse sse2 ss ht tm pbe nx lm constant_tsc arch_perfmon pebs bts aperfmperf pni dtes64 monitor ds_cpl vmx smx est tm2 ssse3 cx16 xtpr pdcm sse4_1 lahf_lm dtherm tpr_shadow vnmi flexpriority
bogomips	: 4522.20
clflush size	: 64
cache_alignment	: 64
address sizes	: 36 bits physical, 48 bits virtual
power management:

processor	: 1
vendor_id	: GenuineIntel
cpu family	: 6
model		: 23
model name	: Intel(R) Core(TM)2 Duo CPU     P8400  @ 2.26GHz
stepping	: 6
microcode	: 0x60c
cpu MHz		: 2257.000
cache size	: 3072 KB
physical id	: 0
siblings	: 2
core id		: 1
cpu cores	: 2
apicid		: 1
initial apicid	: 1
fdiv_bug	: no
hlt_bug		: no
f00f_bug	: no
coma_bug	: no
fpu		: yes
fpu_exception	: yes
cpuid level	: 10
wp		: yes
flags		: fpu vme de pse tsc msr pae mce cx8 apic sep mtrr pge mca cmov pat pse36 clflush dts acpi mmx fxsr sse sse2 ss ht tm pbe nx lm constant_tsc arch_perfmon pebs bts aperfmperf pni dtes64 monitor ds_cpl vmx smx est tm2 ssse3 cx16 xtpr pdcm sse4_1 lahf_lm dtherm tpr_shadow vnmi flexpriority
bogomips	: 4522.20
clflush size	: 64
cache_alignment	: 64
address sizes	: 36 bits physical, 48 bits virtual
power management:



Memory: 4k page, physical 4131228k(1254932k free), swap 3001340k(3001340k free)

vm_info: OpenJDK Server VM (23.7-b01) for linux-x86 JRE (1.7.0_15-b20), built on Feb 21 2013 00:59:35 by "buildd" with gcc 4.7.2

time: Thu Feb 28 11:33:55 2013
elapsed time: 0 seconds

