#
# A fatal error has been detected by the Java Runtime Environment:
#
#  Internal Error (javaClasses.cpp:129), pid=10418, tid=3060464448
#  fatal error: Invalid layout of preloaded class
#
# JRE version: 7.0_15-b20
# Java VM: OpenJDK Server VM (23.7-b01 mixed mode linux-x86 )
# Failed to write core dump. Core dumps have been disabled. To enable core dumping, try "ulimit -c unlimited" before starting Java again
#
# If you would like to submit a bug report, please include
# instructions on how to reproduce the bug and visit:
#   https://bugs.launchpad.net/ubuntu/+source/openjdk-7/
#

---------------  T H R E A D  ---------------

Current thread (0xb6507000):  JavaThread "Unknown thread" [_thread_in_vm, id=10425, stack(0xb665f000,0xb66b0000)]

Stack: [0xb665f000,0xb66b0000]
[error occurred during error reporting (printing stack bounds), id 0xb]


[error occurred during error reporting (printing native stack), id 0xb]


---------------  P R O C E S S  ---------------

Java Threads: ( => current thread )

Other Threads:

=>0xb6507000 (exited) JavaThread "Unknown thread" [_thread_in_vm, id=10425, stack(0xb665f000,0xb66b0000)]

VM state:not at safepoint (not fully initialized)

VM Mutex/Monitor currently owned by a thread: None

GC Heap History (0 events):
No events

Deoptimization events (0 events):
No events

Internal exceptions (0 events):
No events

Events (10 events):
Event: 0.181 loading class 0xb6531ec0 done
Event: 0.181 loading class 0xb6531800 done
Event: 0.181 loading class 0xb65317d8
Event: 0.181 loading class 0xb65655e8
Event: 0.181 loading class 0xb65655e8 done
Event: 0.181 loading class 0xb6565620
Event: 0.181 loading class 0xb6565620 done
Event: 0.181 loading class 0xb6565658
Event: 0.181 loading class 0xb6565658 done
Event: 0.182 loading class 0xb65317d8 done


Dynamic libraries:
08048000-08049000 r-xp 00000000 08:03 395421     /usr/lib/jvm/java-7-openjdk-i386/jre/bin/java
08049000-0804a000 r--p 00000000 08:03 395421     /usr/lib/jvm/java-7-openjdk-i386/jre/bin/java
0804a000-0804b000 rw-p 00001000 08:03 395421     /usr/lib/jvm/java-7-openjdk-i386/jre/bin/java
08e3c000-08e5d000 rw-p 00000000 00:00 0          [heap]
68add000-68b53000 r--s 00902000 08:03 2754259    /home/xxx/Development/adt-bundle-linux-x86/sdk/platforms/android-10/android.jar
68b53000-6ba00000 rw-p 00000000 00:00 0 
6ba00000-6ba21000 rw-p 00000000 00:00 0 
6ba21000-6bb00000 ---p 00000000 00:00 0 
6bc00000-6bc21000 rw-p 00000000 00:00 0 
6bc21000-6bd00000 ---p 00000000 00:00 0 
6bd43000-6bd44000 ---p 00000000 00:00 0 
6bd44000-6bdc4000 rw-p 00000000 00:00 0          [stack:10427]
6bdc4000-6bdc5000 ---p 00000000 00:00 0 
6bdc5000-6be4d000 rw-p 00000000 00:00 0          [stack:10426]
6be4d000-6be85000 rw-p 00000000 00:00 0 
6be85000-6be9b000 rw-p 00000000 00:00 0 
6be9b000-6bfd6000 rw-p 00000000 00:00 0 
6bfd6000-6bfde000 rw-p 00000000 00:00 0 
6bfde000-6c016000 rw-p 00000000 00:00 0 
6c016000-6c02c000 rw-p 00000000 00:00 0 
6c02c000-6c166000 rw-p 00000000 00:00 0 
6c166000-6c172000 rw-p 00000000 00:00 0 
6c172000-6c20f000 rw-p 00000000 00:00 0 
6c20f000-6d210000 rw-p 00000000 00:00 0 
6d210000-74210000 rw-p 00000000 00:00 0 
74210000-76c20000 rw-p 00000000 00:00 0 
76c20000-9e370000 rw-p 00000000 00:00 0 
9e370000-9f870000 rw-p 00000000 00:00 0 
9f870000-b3410000 rw-p 00000000 00:00 0 
b3419000-b3422000 rw-p 00000000 00:00 0 
b3422000-b34d9000 rw-p 00000000 00:00 0 
b34d9000-b3719000 rwxp 00000000 00:00 0 
b3719000-b64d9000 rw-p 00000000 00:00 0 
b64d9000-b64e4000 r-xp 00000000 08:03 2491125    /lib/i386-linux-gnu/libnss_files-2.15.so
b64e4000-b64e5000 r--p 0000a000 08:03 2491125    /lib/i386-linux-gnu/libnss_files-2.15.so
b64e5000-b64e6000 rw-p 0000b000 08:03 2491125    /lib/i386-linux-gnu/libnss_files-2.15.so
b64e6000-b64fc000 r-xp 00000000 08:03 2491119    /lib/i386-linux-gnu/libnsl-2.15.so
b64fc000-b64fd000 r--p 00015000 08:03 2491119    /lib/i386-linux-gnu/libnsl-2.15.so
b64fd000-b64fe000 rw-p 00016000 08:03 2491119    /lib/i386-linux-gnu/libnsl-2.15.so
b64fe000-b6500000 rw-p 00000000 00:00 0 
b6500000-b6570000 rw-p 00000000 00:00 0 
b6570000-b6600000 ---p 00000000 00:00 0 
b6603000-b660d000 r-xp 00000000 08:03 2491129    /lib/i386-linux-gnu/libnss_nis-2.15.so
b660d000-b660e000 r--p 00009000 08:03 2491129    /lib/i386-linux-gnu/libnss_nis-2.15.so
b660e000-b660f000 rw-p 0000a000 08:03 2491129    /lib/i386-linux-gnu/libnss_nis-2.15.so
b660f000-b6616000 r-xp 00000000 08:03 2491121    /lib/i386-linux-gnu/libnss_compat-2.15.so
b6616000-b6617000 r--p 00006000 08:03 2491121    /lib/i386-linux-gnu/libnss_compat-2.15.so
b6617000-b6618000 rw-p 00007000 08:03 2491121    /lib/i386-linux-gnu/libnss_compat-2.15.so
b661b000-b6623000 r-xp 00000000 08:03 395458     /usr/lib/jvm/java-7-openjdk-i386/jre/lib/i386/libzip.so
b6623000-b6624000 r--p 00007000 08:03 395458     /usr/lib/jvm/java-7-openjdk-i386/jre/lib/i386/libzip.so
b6624000-b6625000 rw-p 00008000 08:03 395458     /usr/lib/jvm/java-7-openjdk-i386/jre/lib/i386/libzip.so
b6625000-b662d000 rw-s 00000000 08:03 3285963    /tmp/hsperfdata_xxx/10418
b662d000-b6654000 r-xp 00000000 08:03 395435     /usr/lib/jvm/java-7-openjdk-i386/jre/lib/i386/libjava.so
b6654000-b6655000 r--p 00026000 08:03 395435     /usr/lib/jvm/java-7-openjdk-i386/jre/lib/i386/libjava.so
b6655000-b6656000 rw-p 00027000 08:03 395435     /usr/lib/jvm/java-7-openjdk-i386/jre/lib/i386/libjava.so
b6656000-b665d000 r-xp 00000000 08:03 2491164    /lib/i386-linux-gnu/librt-2.15.so
b665d000-b665e000 r--p 00006000 08:03 2491164    /lib/i386-linux-gnu/librt-2.15.so
b665e000-b665f000 rw-p 00007000 08:03 2491164    /lib/i386-linux-gnu/librt-2.15.so
b665f000-b6662000 ---p 00000000 00:00 0 
b6662000-b66b0000 rw-p 00000000 00:00 0          [stack:10425]
b66b0000-b66cc000 r-xp 00000000 08:03 2491085    /lib/i386-linux-gnu/libgcc_s.so.1
b66cc000-b66cd000 r--p 0001b000 08:03 2491085    /lib/i386-linux-gnu/libgcc_s.so.1
b66cd000-b66ce000 rw-p 0001c000 08:03 2491085    /lib/i386-linux-gnu/libgcc_s.so.1
b66ce000-b66f8000 r-xp 00000000 08:03 2491102    /lib/i386-linux-gnu/libm-2.15.so
b66f8000-b66f9000 r--p 00029000 08:03 2491102    /lib/i386-linux-gnu/libm-2.15.so
b66f9000-b66fa000 rw-p 0002a000 08:03 2491102    /lib/i386-linux-gnu/libm-2.15.so
b66fa000-b67d6000 r-xp 00000000 08:03 269359     /usr/lib/i386-linux-gnu/libstdc++.so.6.0.17
b67d6000-b67d7000 ---p 000dc000 08:03 269359     /usr/lib/i386-linux-gnu/libstdc++.so.6.0.17
b67d7000-b67db000 r--p 000dc000 08:03 269359     /usr/lib/i386-linux-gnu/libstdc++.so.6.0.17
b67db000-b67dc000 rw-p 000e0000 08:03 269359     /usr/lib/i386-linux-gnu/libstdc++.so.6.0.17
b67dc000-b67e3000 rw-p 00000000 00:00 0 
b67e3000-b70d5000 r-xp 00000000 08:03 395483     /usr/lib/jvm/java-7-openjdk-i386/jre/lib/i386/server/libjvm.so
b70d5000-b711c000 r--p 008f2000 08:03 395483     /usr/lib/jvm/java-7-openjdk-i386/jre/lib/i386/server/libjvm.so
b711c000-b7130000 rw-p 00939000 08:03 395483     /usr/lib/jvm/java-7-openjdk-i386/jre/lib/i386/server/libjvm.so
b7130000-b754e000 rw-p 00000000 00:00 0 
b754e000-b7565000 r-xp 00000000 08:03 2491194    /lib/i386-linux-gnu/libz.so.1.2.7
b7565000-b7566000 r--p 00016000 08:03 2491194    /lib/i386-linux-gnu/libz.so.1.2.7
b7566000-b7567000 rw-p 00017000 08:03 2491194    /lib/i386-linux-gnu/libz.so.1.2.7
b7567000-b757e000 r-xp 00000000 08:03 2491156    /lib/i386-linux-gnu/libpthread-2.15.so
b757e000-b757f000 r--p 00016000 08:03 2491156    /lib/i386-linux-gnu/libpthread-2.15.so
b757f000-b7580000 rw-p 00017000 08:03 2491156    /lib/i386-linux-gnu/libpthread-2.15.so
b7580000-b7582000 rw-p 00000000 00:00 0 
b7582000-b7585000 r-xp 00000000 08:03 2491075    /lib/i386-linux-gnu/libdl-2.15.so
b7585000-b7586000 r--p 00002000 08:03 2491075    /lib/i386-linux-gnu/libdl-2.15.so
b7586000-b7587000 rw-p 00003000 08:03 2491075    /lib/i386-linux-gnu/libdl-2.15.so
b7587000-b772a000 r-xp 00000000 08:03 2491060    /lib/i386-linux-gnu/libc-2.15.so
b772a000-b772b000 ---p 001a3000 08:03 2491060    /lib/i386-linux-gnu/libc-2.15.so
b772b000-b772d000 r--p 001a3000 08:03 2491060    /lib/i386-linux-gnu/libc-2.15.so
b772d000-b772e000 rw-p 001a5000 08:03 2491060    /lib/i386-linux-gnu/libc-2.15.so
b772e000-b7731000 rw-p 00000000 00:00 0 
b7734000-b7735000 rw-p 00000000 00:00 0 
b7735000-b7736000 r--p 00000000 00:00 0 
b7736000-b7743000 r-xp 00000000 08:03 395457     /usr/lib/jvm/java-7-openjdk-i386/jre/lib/i386/libverify.so
b7743000-b7744000 ---p 0000d000 08:03 395457     /usr/lib/jvm/java-7-openjdk-i386/jre/lib/i386/libverify.so
b7744000-b7745000 r--p 0000d000 08:03 395457     /usr/lib/jvm/java-7-openjdk-i386/jre/lib/i386/libverify.so
b7745000-b7746000 rw-p 0000e000 08:03 395457     /usr/lib/jvm/java-7-openjdk-i386/jre/lib/i386/libverify.so
b7746000-b7753000 r-xp 00000000 08:03 395438     /usr/lib/jvm/java-7-openjdk-i386/jre/lib/i386/jli/libjli.so
b7753000-b7754000 r--p 0000c000 08:03 395438     /usr/lib/jvm/java-7-openjdk-i386/jre/lib/i386/jli/libjli.so
b7754000-b7755000 rw-p 0000d000 08:03 395438     /usr/lib/jvm/java-7-openjdk-i386/jre/lib/i386/jli/libjli.so
b7755000-b7758000 rw-p 00000000 00:00 0 
b7758000-b7759000 r-xp 00000000 00:00 0          [vdso]
b7759000-b7779000 r-xp 00000000 08:03 2491038    /lib/i386-linux-gnu/ld-2.15.so
b7779000-b777a000 r--p 0001f000 08:03 2491038    /lib/i386-linux-gnu/ld-2.15.so
b777a000-b777b000 rw-p 00020000 08:03 2491038    /lib/i386-linux-gnu/ld-2.15.so
bfa98000-bfab9000 rw-p 00000000 00:00 0          [stack]

VM Arguments:
jvm_args: -Dfile.encoding=ISO-8859-1 -Xbootclasspath:/home/xxx/Development/adt-bundle-linux-x86/sdk/platforms/android-10/android.jar 
java_command: org.eclipse.jdt.internal.junit.runner.RemoteTestRunner -version 3 -port 40349 -testLoaderClass org.eclipse.jdt.internal.junit4.runner.JUnit4TestLoader -loaderpluginname org.eclipse.jdt.junit4.runtime -classNames com.jnk.customdownloadmanager.DownLoadManagerTestUnit
Launcher Type: SUN_STANDARD

Environment Variables:
PATH=/usr/local/sbin:/usr/local/bin:/usr/sbin:/usr/bin:/sbin:/bin:/usr/games:/usr/local/games
USERNAME=xxx
LD_LIBRARY_PATH=/usr/lib/jvm/java-7-openjdk-i386/jre/lib/i386/server:/usr/lib/jvm/java-7-openjdk-i386/jre/lib/i386:/usr/lib/jvm/java-7-openjdk-i386/jre/../lib/i386:/usr/lib/jvm/java-7-openjdk-i386/jre/lib/i386/client:/usr/lib/jvm/java-7-openjdk-i386/jre/lib/i386:
SHELL=/bin/bash
DISPLAY=:0.0

Signal Handlers:
SIGSEGV: [libjvm.so+0x756fb0], sa_mask[0]=0x7ffbfeff, sa_flags=0x10000004
SIGBUS: [libjvm.so+0x756fb0], sa_mask[0]=0x7ffbfeff, sa_flags=0x10000004
SIGFPE: [libjvm.so+0x5f3d00], sa_mask[0]=0x7ffbfeff, sa_flags=0x10000004
SIGPIPE: [libjvm.so+0x5f3d00], sa_mask[0]=0x7ffbfeff, sa_flags=0x10000004
SIGXFSZ: [libjvm.so+0x5f3d00], sa_mask[0]=0x7ffbfeff, sa_flags=0x10000004
SIGILL: [libjvm.so+0x5f3d00], sa_mask[0]=0x7ffbfeff, sa_flags=0x10000004
SIGUSR1: SIG_DFL, sa_mask[0]=0x00000000, sa_flags=0x00000000
SIGUSR2: [libjvm.so+0x5f3bb0], sa_mask[0]=0x00000004, sa_flags=0x10000004
SIGHUP: SIG_DFL, sa_mask[0]=0x00000000, sa_flags=0x00000000
SIGINT: SIG_DFL, sa_mask[0]=0x00000000, sa_flags=0x00000000
SIGTERM: SIG_DFL, sa_mask[0]=0x00000000, sa_flags=0x00000000
SIGQUIT: SIG_DFL, sa_mask[0]=0x00000000, sa_flags=0x00000000


---------------  S Y S T E M  ---------------

OS:LinuxMint 14 (nadia)
uname:Linux 3.5.0-17-generic #28-Ubuntu SMP Tue Oct 9 19:32:08 UTC 2012 i686
libc:glibc 2.15 NPTL 2.15 
rlimit: STACK 8192k, CORE 0k, NPROC 32154, NOFILE 4096, AS infinity
load average:0.54 0.38 0.30

/proc/meminfo:
MemTotal:        4131228 kB
MemFree:         1301900 kB
Buffers:          206532 kB
Cached:          1293284 kB
SwapCached:            0 kB
Active:          1817308 kB
Inactive:         822140 kB
Active(anon):    1140844 kB
Inactive(anon):     4252 kB
Active(file):     676464 kB
Inactive(file):   817888 kB
Unevictable:           0 kB
Mlocked:               0 kB
HighTotal:       3280456 kB
HighFree:         818932 kB
LowTotal:         850772 kB
LowFree:          482968 kB
SwapTotal:       3001340 kB
SwapFree:        3001340 kB
Dirty:              1132 kB
Writeback:             0 kB
AnonPages:       1139936 kB
Mapped:           212888 kB
Shmem:              5260 kB
Slab:             139484 kB
SReclaimable:     121184 kB
SUnreclaim:        18300 kB
KernelStack:        3888 kB
PageTables:        11936 kB
NFS_Unstable:          0 kB
Bounce:                0 kB
WritebackTmp:          0 kB
CommitLimit:     5066952 kB
Committed_AS:    3739372 kB
VmallocTotal:     122880 kB
VmallocUsed:       52520 kB
VmallocChunk:      58720 kB
HardwareCorrupted:     0 kB
AnonHugePages:         0 kB
HugePages_Total:       0
HugePages_Free:        0
HugePages_Rsvd:        0
HugePages_Surp:        0
Hugepagesize:       2048 kB
DirectMap4k:        8184 kB
DirectMap2M:      905216 kB


CPU:total 2 (2 cores per cpu, 1 threads per core) family 6 model 23 stepping 6, cmov, cx8, fxsr, mmx, sse, sse2, sse3, ssse3, sse4.1, tsc

/proc/cpuinfo:
processor	: 0
vendor_id	: GenuineIntel
cpu family	: 6
model		: 23
model name	: Intel(R) Core(TM)2 Duo CPU     P8400  @ 2.26GHz
stepping	: 6
microcode	: 0x60c
cpu MHz		: 2256.000
cache size	: 3072 KB
physical id	: 0
siblings	: 2
core id		: 0
cpu cores	: 2
apicid		: 0
initial apicid	: 0
fdiv_bug	: no
hlt_bug		: no
f00f_bug	: no
coma_bug	: no
fpu		: yes
fpu_exception	: yes
cpuid level	: 10
wp		: yes
flags		: fpu vme de pse tsc msr pae mce cx8 apic sep mtrr pge mca cmov pat pse36 clflush dts acpi mmx fxsr sse sse2 ss ht tm pbe nx lm constant_tsc arch_perfmon pebs bts aperfmperf pni dtes64 monitor ds_cpl vmx smx est tm2 ssse3 cx16 xtpr pdcm sse4_1 lahf_lm dtherm tpr_shadow vnmi flexpriority
bogomips	: 4522.20
clflush size	: 64
cache_alignment	: 64
address sizes	: 36 bits physical, 48 bits virtual
power management:

processor	: 1
vendor_id	: GenuineIntel
cpu family	: 6
model		: 23
model name	: Intel(R) Core(TM)2 Duo CPU     P8400  @ 2.26GHz
stepping	: 6
microcode	: 0x60c
cpu MHz		: 800.000
cache size	: 3072 KB
physical id	: 0
siblings	: 2
core id		: 1
cpu cores	: 2
apicid		: 1
initial apicid	: 1
fdiv_bug	: no
hlt_bug		: no
f00f_bug	: no
coma_bug	: no
fpu		: yes
fpu_exception	: yes
cpuid level	: 10
wp		: yes
flags		: fpu vme de pse tsc msr pae mce cx8 apic sep mtrr pge mca cmov pat pse36 clflush dts acpi mmx fxsr sse sse2 ss ht tm pbe nx lm constant_tsc arch_perfmon pebs bts aperfmperf pni dtes64 monitor ds_cpl vmx smx est tm2 ssse3 cx16 xtpr pdcm sse4_1 lahf_lm dtherm tpr_shadow vnmi flexpriority
bogomips	: 4522.20
clflush size	: 64
cache_alignment	: 64
address sizes	: 36 bits physical, 48 bits virtual
power management:



Memory: 4k page, physical 4131228k(1301900k free), swap 3001340k(3001340k free)

vm_info: OpenJDK Server VM (23.7-b01) for linux-x86 JRE (1.7.0_15-b20), built on Feb 21 2013 00:59:35 by "buildd" with gcc 4.7.2

time: Thu Feb 28 11:30:03 2013
elapsed time: 0 seconds

